50 ms execution limit failed for:com.intellij.plugins.watcher.BackgroundTasksManager$1@8b8191,59
50 ms execution limit failed for:com.intellij.openapi.editor.impl.EditorImpl$RepaintCursorCommand@1593175,160
[14825112]   WARN -  #com.jetbrains.php.completion - target element not found for lookupString = $this index=php.variable.shortName 
[14825130]   WARN -  #com.jetbrains.php.completion - target element not found for lookupString = $this index=php.variable.shortName 
[14825132]   WARN -  #com.jetbrains.php.completion - target element not found for lookupString = $this index=php.variable.shortName 
[14825151]   WARN -  #com.jetbrains.php.completion - target element not found for lookupString = $this index=php.variable.shortName 
[14825230]   WARN -  #com.jetbrains.php.completion - target element not found for lookupString = $this index=php.variable.shortName 
[14825232]   WARN -  #com.jetbrains.php.completion - target element not found for lookupString = $this index=php.variable.shortName 
[14825306]   WARN -  #com.jetbrains.php.completion - target element not found for lookupString = $this index=php.variable.shortName 
[14825308]   WARN -  #com.jetbrains.php.completion - target element not found for lookupString = $this index=php.variable.shortName 
[14825313]   WARN -  #com.jetbrains.php.completion - target element not found for lookupString = $this index=php.variable.shortName 
[14825320]   WARN -  #com.jetbrains.php.completion - target element not found for lookupString = $this index=php.variable.shortName 
[14825404]   WARN -  #com.jetbrains.php.completion - target element not found for lookupString = $this index=php.variable.shortName 
[14825406]   WARN -  #com.jetbrains.php.completion - target element not found for lookupString = $this index=php.variable.shortName 
[14825411]   WARN -  #com.jetbrains.php.completion - target element not found for lookupString = $this index=php.variable.shortName 
[14825420]   WARN -  #com.jetbrains.php.completion - target element not found for lookupString = $this index=php.variable.shortName 
[14825604]   WARN -  #com.jetbrains.php.completion - target element not found for lookupString = $this index=php.variable.shortName 
[14825605]   WARN -  #com.jetbrains.php.completion - target element not found for lookupString = $this index=php.variable.shortName 
[14825612]   WARN -  #com.jetbrains.php.completion - target element not found for lookupString = $this index=php.variable.shortName 
[14825619]   WARN -  #com.jetbrains.php.completion - target element not found for lookupString = $this index=php.variable.shortName 
[15149974]   WARN -  #com.jetbrains.php.completion - target element not found for lookupString = $this index=php.variable.shortName 
[15149977]   WARN -  #com.jetbrains.php.completion - target element not found for lookupString = $this index=php.variable.shortName 
[15149978]   WARN -  #com.jetbrains.php.completion - target element not found for lookupString = $this index=php.variable.shortName 
[15149993]   WARN -  #com.jetbrains.php.completion - target element not found for lookupString = $this index=php.variable.shortName 
[15150162]   WARN -  #com.jetbrains.php.completion - target element not found for lookupString = $this index=php.variable.shortName 
[15150164]   WARN -  #com.jetbrains.php.completion - target element not found for lookupString = $this index=php.variable.shortName 
[15150168]   WARN -  #com.jetbrains.php.completion - target element not found for lookupString = $this index=php.variable.shortName 
[15150176]   WARN -  #com.jetbrains.php.completion - target element not found for lookupString = $this index=php.variable.shortName 
[15150300]   WARN -  #com.jetbrains.php.completion - target element not found for lookupString = $this index=php.variable.shortName 
[15150301]   WARN -  #com.jetbrains.php.completion - target element not found for lookupString = $this index=php.variable.shortName 
[15150303]   WARN -  #com.jetbrains.php.completion - target element not found for lookupString = $this index=php.variable.shortName 
[15150313]   WARN -  #com.jetbrains.php.completion - target element not found for lookupString = $this index=php.variable.shortName 
[15150497]   WARN -  #com.jetbrains.php.completion - target element not found for lookupString = $this index=php.variable.shortName 
[15150499]   WARN -  #com.jetbrains.php.completion - target element not found for lookupString = $this index=php.variable.shortName 
[15150502]   WARN -  #com.jetbrains.php.completion - target element not found for lookupString = $this index=php.variable.shortName 
[15150511]   WARN -  #com.jetbrains.php.completion - target element not found for lookupString = $this index=php.variable.shortName 
[15383071]   WARN -  #com.jetbrains.php.completion - target element not found for lookupString = $this index=php.variable.shortName 
[15383074]   WARN -  #com.jetbrains.php.completion - target element not found for lookupString = $this index=php.variable.shortName 
[15383077]   WARN -  #com.jetbrains.php.completion - target element not found for lookupString = $this index=php.variable.shortName 
[15383088]   WARN -  #com.jetbrains.php.completion - target element not found for lookupString = $this index=php.variable.shortName 
[15383093]   WARN -  #com.jetbrains.php.completion - target element not found for lookupString = $this index=php.variable.shortName 
[15383268]   WARN -  #com.jetbrains.php.completion - target element not found for lookupString = $this index=php.variable.shortName 
[15383270]   WARN -  #com.jetbrains.php.completion - target element not found for lookupString = $this index=php.variable.shortName 
[15383274]   WARN -  #com.jetbrains.php.completion - target element not found for lookupString = $this index=php.variable.shortName 
[15383284]   WARN -  #com.jetbrains.php.completion - target element not found for lookupString = $this index=php.variable.shortName 
[15383428]   WARN -  #com.jetbrains.php.completion - target element not found for lookupString = $this index=php.variable.shortName 
[15383430]   WARN -  #com.jetbrains.php.completion - target element not found for lookupString = $this index=php.variable.shortName 
[15383433]   WARN -  #com.jetbrains.php.completion - target element not found for lookupString = $this index=php.variable.shortName 
[15383442]   WARN -  #com.jetbrains.php.completion - target element not found for lookupString = $this index=php.variable.shortName 
[15383586]   WARN -  #com.jetbrains.php.completion - target element not found for lookupString = $this index=php.variable.shortName 
[15383587]   WARN -  #com.jetbrains.php.completion - target element not found for lookupString = $this index=php.variable.shortName 
[15383590]   WARN -  #com.jetbrains.php.completion - target element not found for lookupString = $this index=php.variable.shortName 
[15383600]   WARN -  #com.jetbrains.php.completion - target element not found for lookupString = $this index=php.variable.shortName 
[15532085]   WARN -  #com.jetbrains.php.completion - target element not found for lookupString = $this index=php.variable.shortName 
[15532089]   WARN -  #com.jetbrains.php.completion - target element not found for lookupString = $this index=php.variable.shortName 
[15532091]   WARN -  #com.jetbrains.php.completion - target element not found for lookupString = $this index=php.variable.shortName 
[15532107]   WARN -  #com.jetbrains.php.completion - target element not found for lookupString = $this index=php.variable.shortName 
[15542343]   WARN -  #com.jetbrains.php.completion - target element not found for lookupString = $this index=php.variable.shortName 
[15542345]   WARN -  #com.jetbrains.php.completion - target element not found for lookupString = $this index=php.variable.shortName 
[15542347]   WARN -  #com.jetbrains.php.completion - target element not found for lookupString = $this index=php.variable.shortName 
[15542368]   WARN -  #com.jetbrains.php.completion - target element not found for lookupString = $this index=php.variable.shortName 
[15542511]   WARN -  #com.jetbrains.php.completion - target element not found for lookupString = $this index=php.variable.shortName 
[15542513]   WARN -  #com.jetbrains.php.completion - target element not found for lookupString = $this index=php.variable.shortName 
[15542515]   WARN -  #com.jetbrains.php.completion - target element not found for lookupString = $this index=php.variable.shortName 
[15542525]   WARN -  #com.jetbrains.php.completion - target element not found for lookupString = $this index=php.variable.shortName 
[15542669]   WARN -  #com.jetbrains.php.completion - target element not found for lookupString = $this index=php.variable.shortName 
[15542670]   WARN -  #com.jetbrains.php.completion - target element not found for lookupString = $this index=php.variable.shortName 
[15542671]   WARN -  #com.jetbrains.php.completion - target element not found for lookupString = $this index=php.variable.shortName 
[15542682]   WARN -  #com.jetbrains.php.completion - target element not found for lookupString = $this index=php.variable.shortName 
[15542914]   WARN -  #com.jetbrains.php.completion - target element not found for lookupString = $this index=php.variable.shortName 
[15542916]   WARN -  #com.jetbrains.php.completion - target element not found for lookupString = $this index=php.variable.shortName 
[15542918]   WARN -  #com.jetbrains.php.completion - target element not found for lookupString = $this index=php.variable.shortName 
[15542929]   WARN -  #com.jetbrains.php.completion - target element not found for lookupString = $this index=php.variable.shortName 
[18950205]   WARN -  #com.jetbrains.php.completion - target element not found for lookupString = $this index=php.variable.shortName 
[18950242]   WARN -  #com.jetbrains.php.completion - target element not found for lookupString = $this index=php.variable.shortName 
[18950245]   WARN -  #com.jetbrains.php.completion - target element not found for lookupString = $this index=php.variable.shortName 
[18950269]   WARN -  #com.jetbrains.php.completion - target element not found for lookupString = $this index=php.variable.shortName 
[20153513]   WARN -  #com.jetbrains.php.completion - target element not found for lookupString = $this index=php.variable.shortName 
[20153522]   WARN -  #com.jetbrains.php.completion - target element not found for lookupString = $this index=php.variable.shortName 
[20153524]   WARN -  #com.jetbrains.php.completion - target element not found for lookupString = $this index=php.variable.shortName 
[20153527]   WARN -  #com.jetbrains.php.completion - target element not found for lookupString = $this index=php.variable.shortName 
[20153536]   WARN -  #com.jetbrains.php.completion - target element not found for lookupString = $this index=php.variable.shortName 
[20153630]   WARN -  #com.jetbrains.php.completion - target element not found for lookupString = $this index=php.variable.shortName 
[20153632]   WARN -  #com.jetbrains.php.completion - target element not found for lookupString = $this index=php.variable.shortName 
[20153637]   WARN -  #com.jetbrains.php.completion - target element not found for lookupString = $this index=php.variable.shortName 
[20153645]   WARN -  #com.jetbrains.php.completion - target element not found for lookupString = $this index=php.variable.shortName 
[20153704]   WARN -  #com.jetbrains.php.completion - target element not found for lookupString = $this index=php.variable.shortName 
[20153706]   WARN -  #com.jetbrains.php.completion - target element not found for lookupString = $this index=php.variable.shortName 
[20153709]   WARN -  #com.jetbrains.php.completion - target element not found for lookupString = $this index=php.variable.shortName 
[20153718]   WARN -  #com.jetbrains.php.completion - target element not found for lookupString = $this index=php.variable.shortName 
[20153825]   WARN -  #com.jetbrains.php.completion - target element not found for lookupString = $this index=php.variable.shortName 
[20153826]   WARN -  #com.jetbrains.php.completion - target element not found for lookupString = $this index=php.variable.shortName 
[20153836]   WARN -  #com.jetbrains.php.completion - target element not found for lookupString = $this index=php.variable.shortName 
[20154800]   WARN -  #com.jetbrains.php.completion - target element not found for lookupString = $this index=php.variable.shortName 
[20154801]   WARN -  #com.jetbrains.php.completion - target element not found for lookupString = $this index=php.variable.shortName 
[20154810]   WARN -  #com.jetbrains.php.completion - target element not found for lookupString = $this index=php.variable.shortName 
[20155158]   WARN -  #com.jetbrains.php.completion - target element not found for lookupString = $this index=php.variable.shortName 
[20471923]   WARN -  #com.jetbrains.php.completion - target element not found for lookupString = $this index=php.variable.shortName 
[20471925]   WARN -  #com.jetbrains.php.completion - target element not found for lookupString = $this index=php.variable.shortName 
[20471931]   WARN -  #com.jetbrains.php.completion - target element not found for lookupString = $this index=php.variable.shortName 
[20471945]   WARN -  #com.jetbrains.php.completion - target element not found for lookupString = $this index=php.variable.shortName 
[20472104]   WARN -  #com.jetbrains.php.completion - target element not found for lookupString = $this index=php.variable.shortName 
[20472106]   WARN -  #com.jetbrains.php.completion - target element not found for lookupString = $this index=php.variable.shortName 
[20472111]   WARN -  #com.jetbrains.php.completion - target element not found for lookupString = $this index=php.variable.shortName 
[20472120]   WARN -  #com.jetbrains.php.completion - target element not found for lookupString = $this index=php.variable.shortName 
[20472203]   WARN -  #com.jetbrains.php.completion - target element not found for lookupString = $this index=php.variable.shortName 
[20472204]   WARN -  #com.jetbrains.php.completion - target element not found for lookupString = $this index=php.variable.shortName 
[20472207]   WARN -  #com.jetbrains.php.completion - target element not found for lookupString = $this index=php.variable.shortName 
[20472215]   WARN -  #com.jetbrains.php.completion - target element not found for lookupString = $this index=php.variable.shortName 
[20472451]   WARN -  #com.jetbrains.php.completion - target element not found for lookupString = $this index=php.variable.shortName 
[20472452]   WARN -  #com.jetbrains.php.completion - target element not found for lookupString = $this index=php.variable.shortName 
[20472455]   WARN -  #com.jetbrains.php.completion - target element not found for lookupString = $this index=php.variable.shortName 
[20472463]   WARN -  #com.jetbrains.php.completion - target element not found for lookupString = $this index=php.variable.shortName 
[21047639]   WARN -  #com.jetbrains.php.completion - target element not found for lookupString = $this index=php.variable.shortName 
[21047641]   WARN -  #com.jetbrains.php.completion - target element not found for lookupString = $this index=php.variable.shortName 
[21047642]   WARN -  #com.jetbrains.php.completion - target element not found for lookupString = $this index=php.variable.shortName 
[21047644]   WARN -  #com.jetbrains.php.completion - target element not found for lookupString = $this index=php.variable.shortName 
[21047660]   WARN -  #com.jetbrains.php.completion - target element not found for lookupString = $this index=php.variable.shortName 
[21047796]   WARN -  #com.jetbrains.php.completion - target element not found for lookupString = $this index=php.variable.shortName 
[21047798]   WARN -  #com.jetbrains.php.completion - target element not found for lookupString = $this index=php.variable.shortName 
[21047800]   WARN -  #com.jetbrains.php.completion - target element not found for lookupString = $this index=php.variable.shortName 
[21047810]   WARN -  #com.jetbrains.php.completion - target element not found for lookupString = $this index=php.variable.shortName 
[21047925]   WARN -  #com.jetbrains.php.completion - target element not found for lookupString = $this index=php.variable.shortName 
[21047926]   WARN -  #com.jetbrains.php.completion - target element not found for lookupString = $this index=php.variable.shortName 
[21047928]   WARN -  #com.jetbrains.php.completion - target element not found for lookupString = $this index=php.variable.shortName 
[21047938]   WARN -  #com.jetbrains.php.completion - target element not found for lookupString = $this index=php.variable.shortName 
[21048162]   WARN -  #com.jetbrains.php.completion - target element not found for lookupString = $this index=php.variable.shortName 
[21048163]   WARN -  #com.jetbrains.php.completion - target element not found for lookupString = $this index=php.variable.shortName 
[21048164]   WARN -  #com.jetbrains.php.completion - target element not found for lookupString = $this index=php.variable.shortName 
[21048174]   WARN -  #com.jetbrains.php.completion - target element not found for lookupString = $this index=php.variable.shortName 
[22518801]   WARN -  #com.jetbrains.php.completion - target element not found for lookupString = $this index=php.variable.shortName 
[22518810]   WARN -  #com.jetbrains.php.completion - target element not found for lookupString = $this index=php.variable.shortName 
[22518811]   WARN -  #com.jetbrains.php.completion - target element not found for lookupString = $this index=php.variable.shortName 
[22518814]   WARN -  #com.jetbrains.php.completion - target element not found for lookupString = $this index=php.variable.shortName 
[22518823]   WARN -  #com.jetbrains.php.completion - target element not found for lookupString = $this index=php.variable.shortName 
[23636155]   WARN -  #com.jetbrains.php.completion - target element not found for lookupString = $this index=php.variable.shortName 
[23636170]   WARN -  #com.jetbrains.php.completion - target element not found for lookupString = $this index=php.variable.shortName 
[23636176]   WARN -  #com.jetbrains.php.completion - target element not found for lookupString = $this index=php.variable.shortName 
[23636181]   WARN -  #com.jetbrains.php.completion - target element not found for lookupString = $this index=php.variable.shortName 
[23636182]   WARN -  #com.jetbrains.php.completion - target element not found for lookupString = $this index=php.variable.shortName 
[23636192]   WARN -  #com.jetbrains.php.completion - target element not found for lookupString = $this index=php.variable.shortName 
[23636291]   WARN -  #com.jetbrains.php.completion - target element not found for lookupString = $this index=php.variable.shortName 
[23636293]   WARN -  #com.jetbrains.php.completion - target element not found for lookupString = $this index=php.variable.shortName 
[23636299]   WARN -  #com.jetbrains.php.completion - target element not found for lookupString = $this index=php.variable.shortName 
[23636305]   WARN -  #com.jetbrains.php.completion - target element not found for lookupString = $this index=php.variable.shortName 
[23636430]   WARN -  #com.jetbrains.php.completion - target element not found for lookupString = $this index=php.variable.shortName 
[23636430]   WARN -  #com.jetbrains.php.completion - target element not found for lookupString = $this index=php.variable.shortName 
[23636434]   WARN -  #com.jetbrains.php.completion - target element not found for lookupString = $this index=php.variable.shortName 
[23636443]   WARN -  #com.jetbrains.php.completion - target element not found for lookupString = $this index=php.variable.shortName 
[23636666]   WARN -  #com.jetbrains.php.completion - target element not found for lookupString = $this index=php.variable.shortName 
[23636667]   WARN -  #com.jetbrains.php.completion - target element not found for lookupString = $this index=php.variable.shortName 
[23636670]   WARN -  #com.jetbrains.php.completion - target element not found for lookupString = $this index=php.variable.shortName 
[23636678]   WARN -  #com.jetbrains.php.completion - target element not found for lookupString = $this index=php.variable.shortName 
50 ms execution limit failed for:com.intellij.openapi.wm.impl.status.MemoryUsagePanel$2@e83033,97
50 ms execution limit failed for:com.intellij.openapi.wm.impl.status.MemoryUsagePanel$2@e83033,55
50 ms execution limit failed for:com.intellij.openapi.wm.impl.status.MemoryUsagePanel$2@e83033,218
50 ms execution limit failed for:com.intellij.openapi.wm.impl.status.MemoryUsagePanel$2@e83033,136
50 ms execution limit failed for:com.intellij.openapi.wm.impl.status.MemoryUsagePanel$2@e83033,155
50 ms execution limit failed for:com.intellij.openapi.wm.impl.status.MemoryUsagePanel$2@e83033,97
50 ms execution limit failed for:com.intellij.openapi.wm.impl.status.MemoryUsagePanel$2@e83033,178
50 ms execution limit failed for:com.intellij.openapi.wm.impl.status.MemoryUsagePanel$2@e83033,103
50 ms execution limit failed for:com.intellij.plugins.watcher.BackgroundTasksManager$1@8b8191,621
50 ms execution limit failed for:com.intellij.openapi.wm.impl.status.MemoryUsagePanel$2@e83033,67
50 ms execution limit failed for:com.intellij.openapi.wm.impl.status.MemoryUsagePanel$2@e83033,65
50 ms execution limit failed for:com.intellij.openapi.wm.impl.status.MemoryUsagePanel$2@e83033,220
50 ms execution limit failed for:com.intellij.openapi.wm.impl.status.MemoryUsagePanel$2@e83033,133
50 ms execution limit failed for:com.intellij.openapi.wm.impl.status.MemoryUsagePanel$2@e83033,114
50 ms execution limit failed for:com.intellij.openapi.wm.impl.status.MemoryUsagePanel$2@e83033,90
50 ms execution limit failed for:com.intellij.util.Alarm$Request@164c9c1ExternalActivitiesQueue active=true scheduled=1,80
50 ms execution limit failed for:com.intellij.openapi.wm.impl.status.MemoryUsagePanel$2@e83033,159
50 ms execution limit failed for:com.intellij.openapi.wm.impl.status.MemoryUsagePanel$2@e83033,199
50 ms execution limit failed for:com.intellij.openapi.wm.impl.status.MemoryUsagePanel$2@e83033,54
50 ms execution limit failed for:com.intellij.openapi.wm.impl.status.MemoryUsagePanel$2@e83033,119
50 ms execution limit failed for:com.intellij.openapi.wm.impl.status.MemoryUsagePanel$2@e83033,142
50 ms execution limit failed for:com.intellij.openapi.wm.impl.status.MemoryUsagePanel$2@e83033,111
50 ms execution limit failed for:com.intellij.openapi.wm.impl.status.MemoryUsagePanel$2@e83033,66
50 ms execution limit failed for:com.intellij.openapi.wm.impl.status.MemoryUsagePanel$2@e83033,76
50 ms execution limit failed for:com.intellij.openapi.wm.impl.status.MemoryUsagePanel$2@e83033,178
50 ms execution limit failed for:com.intellij.openapi.wm.impl.status.MemoryUsagePanel$2@e83033,161
[150152618]   WARN - api.vfs.impl.local.FileWatcher - Watcher terminated. 
[150152700]   WARN - ution.process.OSProcessHandler - Cannot kill process tree. Trying to destroy process using Java API. Cmdline:
null 
[1702780]   WARN -  #com.jetbrains.php.completion - target element not found for lookupString = $this index=php.variable.shortName 
[1702882]   WARN -  #com.jetbrains.php.completion - target element not found for lookupString = $this index=php.variable.shortName 
[1702885]   WARN -  #com.jetbrains.php.completion - target element not found for lookupString = $this index=php.variable.shortName 
[1702888]   WARN -  #com.jetbrains.php.completion - target element not found for lookupString = $this index=php.variable.shortName 
[1702905]   WARN -  #com.jetbrains.php.completion - target element not found for lookupString = $this index=php.variable.shortName 
[1702996]   WARN -  #com.jetbrains.php.completion - target element not found for lookupString = $this index=php.variable.shortName 
[1702998]   WARN -  #com.jetbrains.php.completion - target element not found for lookupString = $this index=php.variable.shortName 
[1703003]   WARN -  #com.jetbrains.php.completion - target element not found for lookupString = $this index=php.variable.shortName 
[1703012]   WARN -  #com.jetbrains.php.completion - target element not found for lookupString = $this index=php.variable.shortName 
[1703203]   WARN -  #com.jetbrains.php.completion - target element not found for lookupString = $this index=php.variable.shortName 
[1703205]   WARN -  #com.jetbrains.php.completion - target element not found for lookupString = $this index=php.variable.shortName 
[1703208]   WARN -  #com.jetbrains.php.completion - target element not found for lookupString = $this index=php.variable.shortName 
[1703219]   WARN -  #com.jetbrains.php.completion - target element not found for lookupString = $this index=php.variable.shortName 
[2769167]   WARN -  #com.jetbrains.php.completion - target element not found for lookupString = $this index=php.variable.shortName 
[2769375]   WARN -  #com.jetbrains.php.completion - target element not found for lookupString = $this index=php.variable.shortName 
[2769379]   WARN -  #com.jetbrains.php.completion - target element not found for lookupString = $this index=php.variable.shortName 
[2769381]   WARN -  #com.jetbrains.php.completion - target element not found for lookupString = $this index=php.variable.shortName 
[2769400]   WARN -  #com.jetbrains.php.completion - target element not found for lookupString = $this index=php.variable.shortName 
[2769469]   WARN -  #com.jetbrains.php.completion - target element not found for lookupString = $this index=php.variable.shortName 
[2769471]   WARN -  #com.jetbrains.php.completion - target element not found for lookupString = $this index=php.variable.shortName 
[2769472]   WARN -  #com.jetbrains.php.completion - target element not found for lookupString = $this index=php.variable.shortName 
[2769487]   WARN -  #com.jetbrains.php.completion - target element not found for lookupString = $this index=php.variable.shortName 
[2769655]   WARN -  #com.jetbrains.php.completion - target element not found for lookupString = $this index=php.variable.shortName 
[2769657]   WARN -  #com.jetbrains.php.completion - target element not found for lookupString = $this index=php.variable.shortName 
[2769662]   WARN -  #com.jetbrains.php.completion - target element not found for lookupString = $this index=php.variable.shortName 
[2769672]   WARN -  #com.jetbrains.php.completion - target element not found for lookupString = $this index=php.variable.shortName 
50 ms execution limit failed for:com.intellij.openapi.wm.impl.status.MemoryUsagePanel$2@90b2c0,60
50 ms execution limit failed for:com.intellij.openapi.wm.impl.status.MemoryUsagePanel$2@90b2c0,176
50 ms execution limit failed for:com.intellij.openapi.progress.impl.ProgressManagerImpl$1@92d446,78
50 ms execution limit failed for:com.intellij.openapi.wm.impl.status.MemoryUsagePanel$2@90b2c0,202
[11333637]   WARN -  #com.jetbrains.php.completion - target element not found for lookupString = $this index=php.variable.shortName 
[11333639]   WARN -  #com.jetbrains.php.completion - target element not found for lookupString = $this index=php.variable.shortName 
[11333640]   WARN -  #com.jetbrains.php.completion - target element not found for lookupString = $this index=php.variable.shortName 
[11333655]   WARN -  #com.jetbrains.php.completion - target element not found for lookupString = $this index=php.variable.shortName 
[11333656]   WARN -  #com.jetbrains.php.completion - target element not found for lookupString = $this index=php.variable.shortName 
[11333666]   WARN -  #com.jetbrains.php.completion - target element not found for lookupString = $this index=php.variable.shortName 
[11333818]   WARN -  #com.jetbrains.php.completion - target element not found for lookupString = $this index=php.variable.shortName 
[11333819]   WARN -  #com.jetbrains.php.completion - target element not found for lookupString = $this index=php.variable.shortName 
[11333824]   WARN -  #com.jetbrains.php.completion - target element not found for lookupString = $this index=php.variable.shortName 
[11333834]   WARN -  #com.jetbrains.php.completion - target element not found for lookupString = $this index=php.variable.shortName 
[11333918]   WARN -  #com.jetbrains.php.completion - target element not found for lookupString = $this index=php.variable.shortName 
[11333919]   WARN -  #com.jetbrains.php.completion - target element not found for lookupString = $this index=php.variable.shortName 
[11333923]   WARN -  #com.jetbrains.php.completion - target element not found for lookupString = $this index=php.variable.shortName 
[11333934]   WARN -  #com.jetbrains.php.completion - target element not found for lookupString = $this index=php.variable.shortName 
[11334210]   WARN -  #com.jetbrains.php.completion - target element not found for lookupString = $this index=php.variable.shortName 
[11334211]   WARN -  #com.jetbrains.php.completion - target element not found for lookupString = $this index=php.variable.shortName 
[11334216]   WARN -  #com.jetbrains.php.completion - target element not found for lookupString = $this index=php.variable.shortName 
[11334228]   WARN -  #com.jetbrains.php.completion - target element not found for lookupString = $this index=php.variable.shortName 
[12907022]   WARN -  #com.jetbrains.php.completion - target element not found for lookupString = $this index=php.variable.shortName 
[12907025]   WARN -  #com.jetbrains.php.completion - target element not found for lookupString = $this index=php.variable.shortName 
[12907028]   WARN -  #com.jetbrains.php.completion - target element not found for lookupString = $this index=php.variable.shortName 
[12907046]   WARN -  #com.jetbrains.php.completion - target element not found for lookupString = $this index=php.variable.shortName 
[12907207]   WARN -  #com.jetbrains.php.completion - target element not found for lookupString = $this index=php.variable.shortName 
[12907209]   WARN -  #com.jetbrains.php.completion - target element not found for lookupString = $this index=php.variable.shortName 
[12907210]   WARN -  #com.jetbrains.php.completion - target element not found for lookupString = $this index=php.variable.shortName 
[12907220]   WARN -  #com.jetbrains.php.completion - target element not found for lookupString = $this index=php.variable.shortName 
[12907338]   WARN -  #com.jetbrains.php.completion - target element not found for lookupString = $this index=php.variable.shortName 
[12907340]   WARN -  #com.jetbrains.php.completion - target element not found for lookupString = $this index=php.variable.shortName 
[12907341]   WARN -  #com.jetbrains.php.completion - target element not found for lookupString = $this index=php.variable.shortName 
[12907351]   WARN -  #com.jetbrains.php.completion - target element not found for lookupString = $this index=php.variable.shortName 
[12907576]   WARN -  #com.jetbrains.php.completion - target element not found for lookupString = $this index=php.variable.shortName 
[12907577]   WARN -  #com.jetbrains.php.completion - target element not found for lookupString = $this index=php.variable.shortName 
[12907578]   WARN -  #com.jetbrains.php.completion - target element not found for lookupString = $this index=php.variable.shortName 
[12907589]   WARN -  #com.jetbrains.php.completion - target element not found for lookupString = $this index=php.variable.shortName 
[12953251]   WARN -  #com.jetbrains.php.completion - target element not found for lookupString = $this index=php.variable.shortName 
[12953254]   WARN -  #com.jetbrains.php.completion - target element not found for lookupString = $this index=php.variable.shortName 
[12953256]   WARN -  #com.jetbrains.php.completion - target element not found for lookupString = $this index=php.variable.shortName 
[12953272]   WARN -  #com.jetbrains.php.completion - target element not found for lookupString = $this index=php.variable.shortName 
[12953490]   WARN -  #com.jetbrains.php.completion - target element not found for lookupString = $this index=php.variable.shortName 
[12953491]   WARN -  #com.jetbrains.php.completion - target element not found for lookupString = $this index=php.variable.shortName 
[12953491]   WARN -  #com.jetbrains.php.completion - target element not found for lookupString = $this index=php.variable.shortName 
[12953502]   WARN -  #com.jetbrains.php.completion - target element not found for lookupString = $this index=php.variable.shortName 
[12953598]   WARN -  #com.jetbrains.php.completion - target element not found for lookupString = $this index=php.variable.shortName 
[12953599]   WARN -  #com.jetbrains.php.completion - target element not found for lookupString = $this index=php.variable.shortName 
[12953600]   WARN -  #com.jetbrains.php.completion - target element not found for lookupString = $this index=php.variable.shortName 
[12953611]   WARN -  #com.jetbrains.php.completion - target element not found for lookupString = $this index=php.variable.shortName 
[12953839]   WARN -  #com.jetbrains.php.completion - target element not found for lookupString = $this index=php.variable.shortName 
[12953841]   WARN -  #com.jetbrains.php.completion - target element not found for lookupString = $this index=php.variable.shortName 
[12953842]   WARN -  #com.jetbrains.php.completion - target element not found for lookupString = $this index=php.variable.shortName 
[12953852]   WARN -  #com.jetbrains.php.completion - target element not found for lookupString = $this index=php.variable.shortName 
[13063338]   WARN -  #com.jetbrains.php.completion - target element not found for lookupString = $this index=php.variable.shortName 
[13063341]   WARN -  #com.jetbrains.php.completion - target element not found for lookupString = $this index=php.variable.shortName 
[13063343]   WARN -  #com.jetbrains.php.completion - target element not found for lookupString = $this index=php.variable.shortName 
[13063363]   WARN -  #com.jetbrains.php.completion - target element not found for lookupString = $this index=php.variable.shortName 
[13063537]   WARN -  #com.jetbrains.php.completion - target element not found for lookupString = $this index=php.variable.shortName 
[13063539]   WARN -  #com.jetbrains.php.completion - target element not found for lookupString = $this index=php.variable.shortName 
[13063540]   WARN -  #com.jetbrains.php.completion - target element not found for lookupString = $this index=php.variable.shortName 
[13063551]   WARN -  #com.jetbrains.php.completion - target element not found for lookupString = $this index=php.variable.shortName 
[13063648]   WARN -  #com.jetbrains.php.completion - target element not found for lookupString = $this index=php.variable.shortName 
[13063649]   WARN -  #com.jetbrains.php.completion - target element not found for lookupString = $this index=php.variable.shortName 
[13063650]   WARN -  #com.jetbrains.php.completion - target element not found for lookupString = $this index=php.variable.shortName 
[13063664]   WARN -  #com.jetbrains.php.completion - target element not found for lookupString = $this index=php.variable.shortName 
[13063880]   WARN -  #com.jetbrains.php.completion - target element not found for lookupString = $this index=php.variable.shortName 
[13063882]   WARN -  #com.jetbrains.php.completion - target element not found for lookupString = $this index=php.variable.shortName 
[13063883]   WARN -  #com.jetbrains.php.completion - target element not found for lookupString = $this index=php.variable.shortName 
[13063894]   WARN -  #com.jetbrains.php.completion - target element not found for lookupString = $this index=php.variable.shortName 
[13479193]   WARN -  #com.jetbrains.php.completion - target element not found for lookupString = $this index=php.variable.shortName 
[13479196]   WARN -  #com.jetbrains.php.completion - target element not found for lookupString = $this index=php.variable.shortName 
[13479198]   WARN -  #com.jetbrains.php.completion - target element not found for lookupString = $this index=php.variable.shortName 
[13479214]   WARN -  #com.jetbrains.php.completion - target element not found for lookupString = $this index=php.variable.shortName 
[13479392]   WARN -  #com.jetbrains.php.completion - target element not found for lookupString = $this index=php.variable.shortName 
[13479393]   WARN -  #com.jetbrains.php.completion - target element not found for lookupString = $this index=php.variable.shortName 
[13479396]   WARN -  #com.jetbrains.php.completion - target element not found for lookupString = $this index=php.variable.shortName 
[13479406]   WARN -  #com.jetbrains.php.completion - target element not found for lookupString = $this index=php.variable.shortName 
[13479506]   WARN -  #com.jetbrains.php.completion - target element not found for lookupString = $this index=php.variable.shortName 
[13479508]   WARN -  #com.jetbrains.php.completion - target element not found for lookupString = $this index=php.variable.shortName 
[13479511]   WARN -  #com.jetbrains.php.completion - target element not found for lookupString = $this index=php.variable.shortName 
[13479519]   WARN -  #com.jetbrains.php.completion - target element not found for lookupString = $this index=php.variable.shortName 
[13479741]   WARN -  #com.jetbrains.php.completion - target element not found for lookupString = $this index=php.variable.shortName 
[13479743]   WARN -  #com.jetbrains.php.completion - target element not found for lookupString = $this index=php.variable.shortName 
[13479746]   WARN -  #com.jetbrains.php.completion - target element not found for lookupString = $this index=php.variable.shortName 
[13479755]   WARN -  #com.jetbrains.php.completion - target element not found for lookupString = $this index=php.variable.shortName 
